c:\users\jstormont0832\source\repos\game-simulation\game-simulation\x64\debug\game-simulation.pch
c:\users\jstormont0832\source\repos\game-simulation\game-simulation\x64\debug\vc141.pdb
c:\users\jstormont0832\source\repos\game-simulation\game-simulation\x64\debug\vc141.idb
c:\users\jstormont0832\source\repos\game-simulation\game-simulation\x64\debug\pch.obj
c:\users\jstormont0832\source\repos\game-simulation\game-simulation\x64\debug\game-simulation.obj
c:\users\jstormont0832\source\repos\game-simulation\x64\debug\game-simulation.exe
c:\users\jstormont0832\source\repos\game-simulation\x64\debug\game-simulation.ilk
c:\users\jstormont0832\source\repos\game-simulation\x64\debug\game-simulation.pdb
z:\projects\games\game-simulation\game-simulation\x64\debug\game-simulation.obj
z:\projects\games\game-simulation\game-simulation\x64\debug\pch.obj
z:\projects\games\game-simulation\game-simulation\x64\debug\game-simulation.pch
z:\projects\games\game-simulation\game-simulation\x64\debug\vc141.idb
z:\projects\games\game-simulation\game-simulation\x64\debug\vc141.pdb
z:\projects\games\game-simulation\x64\debug\game-simulation.pdb
z:\projects\games\game-simulation\x64\debug\game-simulation.exe
z:\projects\games\game-simulation\x64\debug\game-simulation.ilk
z:\projects\games\game-simulation\game-simulation\x64\debug\game-simulation.tlog\cl.command.1.tlog
z:\projects\games\game-simulation\game-simulation\x64\debug\game-simulation.tlog\cl.read.1.tlog
z:\projects\games\game-simulation\game-simulation\x64\debug\game-simulation.tlog\cl.write.1.tlog
z:\projects\games\game-simulation\game-simulation\x64\debug\game-simulation.tlog\link.command.1.tlog
z:\projects\games\game-simulation\game-simulation\x64\debug\game-simulation.tlog\link.read.1.tlog
z:\projects\games\game-simulation\game-simulation\x64\debug\game-simulation.tlog\link.write.1.tlog
